<?xml version="1.0" encoding="UTF-8"?>
<testng-results skipped="0" failed="0" total="1" passed="1">
  <reporter-output>
    <line>
      <![CDATA[<div "featureFile">Feature File: src&#x2F;test&#x2F;resources&#x2F;com&#x2F;cucumber&#x2F;testcases&#x2F;UAEHomepage.feature</div>]]>
    </line>
    <line>
      <![CDATA[<div "feature">Feature: Validate UAE Exchange home page</div>]]>
    </line>
    <line>
      <![CDATA[<div "scenario">Scenario: verify UAE Exchange home page</div>]]>
    </line>
    <line>
      <![CDATA[<div "result">Given  I navigate to UAE Exchange Landing page (passed : 19s)</div>]]>
    </line>
    <line>
      <![CDATA[<div "result">When  I clicked on Pay Money and selected paymoney (passed : 0s)</div>]]>
    </line>
    <line>
      <![CDATA[<div "result">Then  I create a payment (passed : 0s)</div>]]>
    </line>
    <line>
      <![CDATA[<div "result">And  I check all the details are validated (passed : 0s)</div>]]>
    </line>
  </reporter-output>
  <suite name="UAE Payment Suite" duration-ms="20436" started-at="2016-11-27T18:14:09Z" finished-at="2016-11-27T18:14:29Z">
    <groups>
      <group name="cucumber">
        <method signature="AbstractTestNGCucumberTests.run_cukes()[pri:0, instance:com.cucumber.runner.SuiteRunner1@edf4efb]" name="run_cukes" class="cucumber.api.testng.AbstractTestNGCucumberTests"/>
      </group> <!-- cucumber -->
    </groups>
    <test name="UAE Home" duration-ms="20436" started-at="2016-11-27T18:14:09Z" finished-at="2016-11-27T18:14:29Z">
      <class name="com.cucumber.runner.SuiteRunner1">
        <test-method status="PASS" signature="run_cukes()[pri:0, instance:com.cucumber.runner.SuiteRunner1@edf4efb]" name="run_cukes" duration-ms="20413" started-at="2016-11-27T23:44:09Z" description="Runs Cucumber Features" finished-at="2016-11-27T23:44:29Z">
          <reporter-output>
            <line>
              <![CDATA[<div "featureFile">Feature File: src&#x2F;test&#x2F;resources&#x2F;com&#x2F;cucumber&#x2F;testcases&#x2F;UAEHomepage.feature</div>]]>
            </line>
            <line>
              <![CDATA[<div "feature">Feature: Validate UAE Exchange home page</div>]]>
            </line>
            <line>
              <![CDATA[<div "scenario">Scenario: verify UAE Exchange home page</div>]]>
            </line>
            <line>
              <![CDATA[<div "result">Given  I navigate to UAE Exchange Landing page (passed : 19s)</div>]]>
            </line>
            <line>
              <![CDATA[<div "result">When  I clicked on Pay Money and selected paymoney (passed : 0s)</div>]]>
            </line>
            <line>
              <![CDATA[<div "result">Then  I create a payment (passed : 0s)</div>]]>
            </line>
            <line>
              <![CDATA[<div "result">And  I check all the details are validated (passed : 0s)</div>]]>
            </line>
          </reporter-output>
        </test-method> <!-- run_cukes -->
      </class> <!-- com.cucumber.runner.SuiteRunner1 -->
    </test> <!-- UAE Home -->
  </suite> <!-- UAE Payment Suite -->
</testng-results>
